-- The CXX compiler identification is GNU 13.3.0
-- Detecting CXX compiler ABI info
-- Detecting CXX compiler ABI info - done
-- Check for working CXX compiler: /usr/bin/c++ - skipped
-- Detecting CXX compile features
-- Detecting CXX compile features - done
-- JUCE_ROOT: /home/carlo/SDKs/JUCE
-- The C compiler identification is GNU 13.3.0
-- Detecting C compiler ABI info
-- Detecting C compiler ABI info - done
-- Check for working C compiler: /usr/bin/cc - skipped
-- Detecting C compile features
-- Detecting C compile features - done
-- Found PkgConfig: /usr/bin/pkg-config (found version "1.8.1") 
-- Checking for module 'alsa'
--   Found alsa, version 1.2.11
-- Checking for modules 'freetype2;fontconfig'
--   Found freetype2, version 26.1.20
--   Found fontconfig, version 2.15.0
-- Checking for module 'gl'
--   Found gl, version 1.2
-- Checking for module 'libcurl'
--   Found libcurl, version 8.5.0
-- Checking for modules 'webkit2gtk-4.1;gtk+-x11-3.0'
--   Found webkit2gtk-4.1, version 2.50.4
--   Found gtk+-x11-3.0, version 3.24.41
-- Configuring juceaide
-- Building juceaide
-- Exporting juceaide
-- Testing juceaide
-- Finished setting up juceaide
-- Found CURL: /usr/lib/x86_64-linux-gnu/libcurl.so (found version "8.5.0")  
-- CURL found: /usr/lib/x86_64-linux-gnu/libcurl.so
-- Checking for module 'gtk+-3.0'
--   Found gtk+-3.0, version 3.24.41
-- Checking for module 'webkit2gtk-4.1'
--   Found webkit2gtk-4.1, version 2.50.4
-- Configuring done (136.6s)
CMake Error: Error required internal CMake variable not set, cmake may not be built correctly.
Missing variable is:
CMAKE_C_COMPILE_OBJECT
-- Generating done (0.0s)
CMake Generate step failed.  Build files cannot be regenerated correctly.
